-------------------------------------------------------------------------------
Test set: boot.RestTest
-------------------------------------------------------------------------------
Tests run: 1, Failures: 0, Errors: 1, Skipped: 0, Time elapsed: 0.179 s <<< FAILURE! - in boot.RestTest
initializationError(boot.RestTest)  Time elapsed: 0.002 s  <<< ERROR!
java.lang.IllegalStateException: Unable to find a @SpringBootConfiguration, you need to use @ContextConfiguration or @SpringBootTest(classes=...) with your test

